<?xml version="1.0" encoding="UTF-8"?>
<testng-results ignored="0" total="1" passed="1" failed="0" skipped="0">
  <reporter-output>
  </reporter-output>
  <suite started-at="2023-03-29T12:04:05 IST" name="Default suite" finished-at="2023-03-29T12:04:21 IST" duration-ms="15231">
    <groups>
    </groups>
    <test started-at="2023-03-29T12:04:05 IST" name="Default test" finished-at="2023-03-29T12:04:21 IST" duration-ms="15231">
      <class name="com.example.selen.seleniummmm.NewTest">
        <test-method signature="f()[pri:0, instance:com.example.selen.seleniummmm.NewTest@2e8c1c9b]" started-at="2023-03-29T12:04:05 IST" name="f" finished-at="2023-03-29T12:04:21 IST" duration-ms="15140" status="PASS">
          <reporter-output>
          </reporter-output>
        </test-method> <!-- f -->
      </class> <!-- com.example.selen.seleniummmm.NewTest -->
    </test> <!-- Default test -->
  </suite> <!-- Default suite -->
</testng-results>
